<?xml version="1.0" encoding="UTF-8"?>
<testng-results skipped="0" failed="0" ignored="0" total="1" passed="1">
  <reporter-output>
  </reporter-output>
  <suite name="Default suite" duration-ms="14243" started-at="2021-06-26T00:36:47Z" finished-at="2021-06-26T00:37:02Z">
    <groups>
    </groups>
    <test name="Default test" duration-ms="14243" started-at="2021-06-26T00:36:47Z" finished-at="2021-06-26T00:37:02Z">
      <class name="testCases.SignInTest">
        <test-method status="PASS" signature="init()[pri:0, instance:testCases.SignInTest@4b5d6a01]" name="init" is-config="true" duration-ms="8162" started-at="2021-06-26T00:36:39Z" finished-at="2021-06-26T00:36:47Z">
          <reporter-output>
          </reporter-output>
        </test-method> <!-- init -->
        <test-method status="PASS" signature="verifyLogin()[pri:0, instance:testCases.SignInTest@4b5d6a01]" name="verifyLogin" duration-ms="14196" started-at="2021-06-26T00:36:48Z" finished-at="2021-06-26T00:37:02Z">
          <reporter-output>
          </reporter-output>
        </test-method> <!-- verifyLogin -->
        <test-method status="PASS" signature="tearDown()[pri:0, instance:testCases.SignInTest@4b5d6a01]" name="tearDown" is-config="true" duration-ms="977" started-at="2021-06-26T00:37:02Z" finished-at="2021-06-26T00:37:03Z">
          <reporter-output>
          </reporter-output>
        </test-method> <!-- tearDown -->
      </class> <!-- testCases.SignInTest -->
    </test> <!-- Default test -->
  </suite> <!-- Default suite -->
</testng-results>
